Connecting to database specified by database.yml


Started GET "/channels" for 127.0.0.1 at 2012-08-21 14:38:37 +0800
Processing by ChannelsController#index as HTML
  [1m[36mChannel Load (0.2ms)[0m  [1mSELECT `channels`.* FROM `channels` [0m
DEPRECATION WARNING: :confirm option is deprecated and will be removed from Rails 4.0. Use ':data => { :confirm => 'Text' }' instead. (called from block in _app_views_channels_index_html_erb__1271798062723590326_70354800281080 at /RubymineProjects/wap_cms/app/views/channels/index.html.erb:24)
DEPRECATION WARNING: :confirm option is deprecated and will be removed from Rails 4.0. Use ':data => { :confirm => 'Text' }' instead. (called from block in _app_views_channels_index_html_erb__1271798062723590326_70354800281080 at /RubymineProjects/wap_cms/app/views/channels/index.html.erb:24)
DEPRECATION WARNING: :confirm option is deprecated and will be removed from Rails 4.0. Use ':data => { :confirm => 'Text' }' instead. (called from block in _app_views_channels_index_html_erb__1271798062723590326_70354800281080 at /RubymineProjects/wap_cms/app/views/channels/index.html.erb:24)
DEPRECATION WARNING: :confirm option is deprecated and will be removed from Rails 4.0. Use ':data => { :confirm => 'Text' }' instead. (called from block in _app_views_channels_index_html_erb__1271798062723590326_70354800281080 at /RubymineProjects/wap_cms/app/views/channels/index.html.erb:24)
  Rendered channels/index.html.erb within layouts/admin (5.8ms)
  [1m[35mUser Load (0.3ms)[0m  SELECT `users`.* FROM `users` WHERE `users`.`id` = 1 LIMIT 1
Completed 200 OK in 221ms (Views: 192.2ms | ActiveRecord: 5.0ms)


Started GET "/channels" for 127.0.0.1 at 2012-08-21 14:40:02 +0800
Processing by ChannelsController#index as HTML
  [1m[36mChannel Load (0.3ms)[0m  [1mSELECT `channels`.* FROM `channels` [0m
DEPRECATION WARNING: :confirm option is deprecated and will be removed from Rails 4.0. Use ':data => { :confirm => 'Text' }' instead. (called from block in _app_views_channels_index_html_erb__1271798062723590326_70354800281080 at /RubymineProjects/wap_cms/app/views/channels/index.html.erb:24)
DEPRECATION WARNING: :confirm option is deprecated and will be removed from Rails 4.0. Use ':data => { :confirm => 'Text' }' instead. (called from block in _app_views_channels_index_html_erb__1271798062723590326_70354800281080 at /RubymineProjects/wap_cms/app/views/channels/index.html.erb:24)
DEPRECATION WARNING: :confirm option is deprecated and will be removed from Rails 4.0. Use ':data => { :confirm => 'Text' }' instead. (called from block in _app_views_channels_index_html_erb__1271798062723590326_70354800281080 at /RubymineProjects/wap_cms/app/views/channels/index.html.erb:24)
DEPRECATION WARNING: :confirm option is deprecated and will be removed from Rails 4.0. Use ':data => { :confirm => 'Text' }' instead. (called from block in _app_views_channels_index_html_erb__1271798062723590326_70354800281080 at /RubymineProjects/wap_cms/app/views/channels/index.html.erb:24)
  Rendered channels/index.html.erb within layouts/admin (4.5ms)
  [1m[35mUser Load (0.4ms)[0m  SELECT `users`.* FROM `users` WHERE `users`.`id` = 1 LIMIT 1
Completed 200 OK in 19ms (Views: 16.7ms | ActiveRecord: 0.7ms)


Started GET "/channels" for 127.0.0.1 at 2012-08-21 14:40:24 +0800
Processing by ChannelsController#index as HTML
  [1m[36mChannel Load (0.3ms)[0m  [1mSELECT `channels`.* FROM `channels` [0m
DEPRECATION WARNING: :confirm option is deprecated and will be removed from Rails 4.0. Use ':data => { :confirm => 'Text' }' instead. (called from block in _app_views_channels_index_html_erb__1271798062723590326_70354800281080 at /RubymineProjects/wap_cms/app/views/channels/index.html.erb:24)
DEPRECATION WARNING: :confirm option is deprecated and will be removed from Rails 4.0. Use ':data => { :confirm => 'Text' }' instead. (called from block in _app_views_channels_index_html_erb__1271798062723590326_70354800281080 at /RubymineProjects/wap_cms/app/views/channels/index.html.erb:24)
DEPRECATION WARNING: :confirm option is deprecated and will be removed from Rails 4.0. Use ':data => { :confirm => 'Text' }' instead. (called from block in _app_views_channels_index_html_erb__1271798062723590326_70354800281080 at /RubymineProjects/wap_cms/app/views/channels/index.html.erb:24)
DEPRECATION WARNING: :confirm option is deprecated and will be removed from Rails 4.0. Use ':data => { :confirm => 'Text' }' instead. (called from block in _app_views_channels_index_html_erb__1271798062723590326_70354800281080 at /RubymineProjects/wap_cms/app/views/channels/index.html.erb:24)
  Rendered channels/index.html.erb within layouts/admin (4.6ms)
  [1m[35mUser Load (0.3ms)[0m  SELECT `users`.* FROM `users` WHERE `users`.`id` = 1 LIMIT 1
Completed 200 OK in 51ms (Views: 49.0ms | ActiveRecord: 0.6ms)


Started GET "/channels" for 127.0.0.1 at 2012-08-21 14:40:34 +0800
Processing by ChannelsController#index as HTML
  [1m[36mChannel Load (0.3ms)[0m  [1mSELECT `channels`.* FROM `channels` [0m
DEPRECATION WARNING: :confirm option is deprecated and will be removed from Rails 4.0. Use ':data => { :confirm => 'Text' }' instead. (called from block in _app_views_channels_index_html_erb__1271798062723590326_70354800281080 at /RubymineProjects/wap_cms/app/views/channels/index.html.erb:24)
DEPRECATION WARNING: :confirm option is deprecated and will be removed from Rails 4.0. Use ':data => { :confirm => 'Text' }' instead. (called from block in _app_views_channels_index_html_erb__1271798062723590326_70354800281080 at /RubymineProjects/wap_cms/app/views/channels/index.html.erb:24)
DEPRECATION WARNING: :confirm option is deprecated and will be removed from Rails 4.0. Use ':data => { :confirm => 'Text' }' instead. (called from block in _app_views_channels_index_html_erb__1271798062723590326_70354800281080 at /RubymineProjects/wap_cms/app/views/channels/index.html.erb:24)
DEPRECATION WARNING: :confirm option is deprecated and will be removed from Rails 4.0. Use ':data => { :confirm => 'Text' }' instead. (called from block in _app_views_channels_index_html_erb__1271798062723590326_70354800281080 at /RubymineProjects/wap_cms/app/views/channels/index.html.erb:24)
  Rendered channels/index.html.erb within layouts/admin (4.1ms)
  [1m[35mUser Load (0.3ms)[0m  SELECT `users`.* FROM `users` WHERE `users`.`id` = 1 LIMIT 1
Completed 200 OK in 19ms (Views: 17.1ms | ActiveRecord: 0.6ms)
Connecting to database specified by database.yml


Started GET "/" for 127.0.0.1 at 2012-08-23 16:31:51 +0800
Processing by ChannelVideosController#index as HTML
  [1m[36mChannel Load (0.2ms)[0m  [1mSELECT `channels`.* FROM `channels` [0m
Redirected to http://localhost:3000/users/sign_in
Completed 302 Found in 81ms (ActiveRecord: 3.3ms)


Started GET "/users/sign_in" for 127.0.0.1 at 2012-08-23 16:31:51 +0800
Processing by Devise::SessionsController#new as HTML
  Rendered devise/shared/_links.erb (1.7ms)
  Rendered devise/sessions/new.html.erb (55.9ms)
Completed 200 OK in 93ms (Views: 70.2ms | ActiveRecord: 5.3ms)


Started GET "/users/sign_in" for 10.10.140.8 at 2012-08-23 16:32:01 +0800
Processing by Devise::SessionsController#new as HTML
  Rendered devise/shared/_links.erb (0.4ms)
  Rendered devise/sessions/new.html.erb (4.3ms)
Completed 200 OK in 7ms (Views: 6.6ms | ActiveRecord: 0.0ms)


Started GET "/users/sign_in" for 10.10.67.32 at 2012-08-23 17:32:00 +0800
Processing by Devise::SessionsController#new as HTML
  Rendered devise/shared/_links.erb (0.3ms)
  Rendered devise/sessions/new.html.erb (4.0ms)
Completed 200 OK in 7ms (Views: 7.0ms | ActiveRecord: 0.0ms)


Started POST "/users/sign_in" for 10.10.67.32 at 2012-08-23 17:32:51 +0800
Processing by Devise::SessionsController#create as HTML
  Parameters: {"utf8"=>"✓", "authenticity_token"=>"rA38mmV5HFGsjR+L5mRT69mAGM2HICEBcA72M4bLWZw=", "user"=>{"email"=>"admin@youku.com", "password"=>"[FILTERED]", "remember_me"=>"0"}, "commit"=>"Sign in"}
  [1m[35mUser Load (1.0ms)[0m  SELECT `users`.* FROM `users` WHERE `users`.`email` = 'admin@youku.com' LIMIT 1
Completed 401 Unauthorized in 90ms
Processing by Devise::SessionsController#new as HTML
  Parameters: {"utf8"=>"✓", "authenticity_token"=>"rA38mmV5HFGsjR+L5mRT69mAGM2HICEBcA72M4bLWZw=", "user"=>{"email"=>"admin@youku.com", "password"=>"[FILTERED]", "remember_me"=>"0"}, "commit"=>"Sign in"}
  Rendered devise/shared/_links.erb (0.4ms)
  Rendered devise/sessions/new.html.erb (4.2ms)
Completed 200 OK in 92ms (Views: 6.6ms | ActiveRecord: 0.0ms)


Started POST "/users/sign_in" for 10.10.67.32 at 2012-08-23 17:32:55 +0800
Processing by Devise::SessionsController#create as HTML
  Parameters: {"utf8"=>"✓", "authenticity_token"=>"rA38mmV5HFGsjR+L5mRT69mAGM2HICEBcA72M4bLWZw=", "user"=>{"email"=>"admin@youku.com", "password"=>"[FILTERED]", "remember_me"=>"0"}, "commit"=>"Sign in"}
Completed 401 Unauthorized in 0ms
Processing by Devise::SessionsController#new as HTML
  Parameters: {"utf8"=>"✓", "authenticity_token"=>"rA38mmV5HFGsjR+L5mRT69mAGM2HICEBcA72M4bLWZw=", "user"=>{"email"=>"admin@youku.com", "password"=>"[FILTERED]", "remember_me"=>"0"}, "commit"=>"Sign in"}
  Rendered devise/shared/_links.erb (0.4ms)
  Rendered devise/sessions/new.html.erb (4.0ms)
Completed 200 OK in 7ms (Views: 6.2ms | ActiveRecord: 0.0ms)


Started POST "/users/sign_in" for 10.10.67.32 at 2012-08-23 17:33:43 +0800
Processing by Devise::SessionsController#create as HTML
  Parameters: {"utf8"=>"✓", "authenticity_token"=>"rA38mmV5HFGsjR+L5mRT69mAGM2HICEBcA72M4bLWZw=", "user"=>{"email"=>"admin@youku.com", "password"=>"[FILTERED]", "remember_me"=>"0"}, "commit"=>"Sign in"}
  [1m[36mUser Load (0.4ms)[0m  [1mSELECT `users`.* FROM `users` WHERE `users`.`email` = 'admin@youku.com' LIMIT 1[0m
  [1m[35m (0.1ms)[0m  BEGIN
  [1m[36m (0.4ms)[0m  [1mUPDATE `users` SET `last_sign_in_at` = '2012-08-21 03:51:38', `current_sign_in_at` = '2012-08-23 09:33:43', `current_sign_in_ip` = '10.10.67.32', `sign_in_count` = 28, `updated_at` = '2012-08-23 09:33:43' WHERE `users`.`id` = 1[0m
  [1m[35m (0.4ms)[0m  COMMIT
Redirected to http://10.10.140.8:3000/
Completed 302 Found in 139ms (ActiveRecord: 0.0ms)


Started GET "/" for 10.10.67.32 at 2012-08-23 17:33:43 +0800
Processing by ChannelVideosController#index as HTML
  [1m[36mChannel Load (0.2ms)[0m  [1mSELECT `channels`.* FROM `channels` [0m
  [1m[35mUser Load (0.2ms)[0m  SELECT `users`.* FROM `users` WHERE `users`.`id` = 1 LIMIT 1
  [1m[36mVideo Load (0.3ms)[0m  [1mSELECT `videos`.* FROM `videos` WHERE `videos`.`video_type` = 1 AND `videos`.`cid` = 100 ORDER BY id[0m
DEPRECATION WARNING: :confirm option is deprecated and will be removed from Rails 4.0. Use ':data => { :confirm => 'Text' }' instead. (called from block in _app_views_channel_videos_index_html_erb___2585864282722434123_70159626942680 at /RubymineProjects/wap_cms/app/views/channel_videos/index.html.erb:48)
  Rendered channel_videos/index.html.erb within layouts/admin (28.8ms)
Completed 200 OK in 61ms (Views: 54.7ms | ActiveRecord: 4.4ms)


Started GET "/?utf8=%E2%9C%93&forminfo%5Bcid%5D=101" for 10.10.67.32 at 2012-08-23 17:33:52 +0800
Processing by ChannelVideosController#index as HTML
  Parameters: {"utf8"=>"✓", "forminfo"=>{"cid"=>"101"}}
  [1m[35mChannel Load (0.3ms)[0m  SELECT `channels`.* FROM `channels` 
  [1m[36mUser Load (0.3ms)[0m  [1mSELECT `users`.* FROM `users` WHERE `users`.`id` = 1 LIMIT 1[0m
  [1m[35mVideo Load (0.3ms)[0m  SELECT `videos`.* FROM `videos` WHERE `videos`.`video_type` = 1 AND `videos`.`cid` = 101 ORDER BY id
DEPRECATION WARNING: :confirm option is deprecated and will be removed from Rails 4.0. Use ':data => { :confirm => 'Text' }' instead. (called from block in _app_views_channel_videos_index_html_erb___2585864282722434123_70159626942680 at /RubymineProjects/wap_cms/app/views/channel_videos/index.html.erb:48)
DEPRECATION WARNING: :confirm option is deprecated and will be removed from Rails 4.0. Use ':data => { :confirm => 'Text' }' instead. (called from block in _app_views_channel_videos_index_html_erb___2585864282722434123_70159626942680 at /RubymineProjects/wap_cms/app/views/channel_videos/index.html.erb:48)
DEPRECATION WARNING: :confirm option is deprecated and will be removed from Rails 4.0. Use ':data => { :confirm => 'Text' }' instead. (called from block in _app_views_channel_videos_index_html_erb___2585864282722434123_70159626942680 at /RubymineProjects/wap_cms/app/views/channel_videos/index.html.erb:48)
DEPRECATION WARNING: :confirm option is deprecated and will be removed from Rails 4.0. Use ':data => { :confirm => 'Text' }' instead. (called from block in _app_views_channel_videos_index_html_erb___2585864282722434123_70159626942680 at /RubymineProjects/wap_cms/app/views/channel_videos/index.html.erb:48)
DEPRECATION WARNING: :confirm option is deprecated and will be removed from Rails 4.0. Use ':data => { :confirm => 'Text' }' instead. (called from block in _app_views_channel_videos_index_html_erb___2585864282722434123_70159626942680 at /RubymineProjects/wap_cms/app/views/channel_videos/index.html.erb:48)
  Rendered channel_videos/index.html.erb within layouts/admin (10.1ms)
Completed 200 OK in 23ms (Views: 19.7ms | ActiveRecord: 0.9ms)


Started GET "/?utf8=%E2%9C%93&forminfo%5Bcid%5D=100" for 10.10.67.32 at 2012-08-23 17:33:54 +0800
Processing by ChannelVideosController#index as HTML
  Parameters: {"utf8"=>"✓", "forminfo"=>{"cid"=>"100"}}
  [1m[36mChannel Load (0.5ms)[0m  [1mSELECT `channels`.* FROM `channels` [0m
  [1m[35mUser Load (0.5ms)[0m  SELECT `users`.* FROM `users` WHERE `users`.`id` = 1 LIMIT 1
  [1m[36mVideo Load (0.6ms)[0m  [1mSELECT `videos`.* FROM `videos` WHERE `videos`.`video_type` = 1 AND `videos`.`cid` = 100 ORDER BY id[0m
DEPRECATION WARNING: :confirm option is deprecated and will be removed from Rails 4.0. Use ':data => { :confirm => 'Text' }' instead. (called from block in _app_views_channel_videos_index_html_erb___2585864282722434123_70159626942680 at /RubymineProjects/wap_cms/app/views/channel_videos/index.html.erb:48)
  Rendered channel_videos/index.html.erb within layouts/admin (3.9ms)
Completed 200 OK in 14ms (Views: 11.2ms | ActiveRecord: 1.5ms)


Started GET "/?utf8=%E2%9C%93&forminfo%5Bcid%5D=101" for 10.10.67.32 at 2012-08-23 17:33:58 +0800
Processing by ChannelVideosController#index as HTML
  Parameters: {"utf8"=>"✓", "forminfo"=>{"cid"=>"101"}}
  [1m[35mChannel Load (0.5ms)[0m  SELECT `channels`.* FROM `channels` 
  [1m[36mUser Load (0.5ms)[0m  [1mSELECT `users`.* FROM `users` WHERE `users`.`id` = 1 LIMIT 1[0m
  [1m[35mVideo Load (0.6ms)[0m  SELECT `videos`.* FROM `videos` WHERE `videos`.`video_type` = 1 AND `videos`.`cid` = 101 ORDER BY id
DEPRECATION WARNING: :confirm option is deprecated and will be removed from Rails 4.0. Use ':data => { :confirm => 'Text' }' instead. (called from block in _app_views_channel_videos_index_html_erb___2585864282722434123_70159626942680 at /RubymineProjects/wap_cms/app/views/channel_videos/index.html.erb:48)
DEPRECATION WARNING: :confirm option is deprecated and will be removed from Rails 4.0. Use ':data => { :confirm => 'Text' }' instead. (called from block in _app_views_channel_videos_index_html_erb___2585864282722434123_70159626942680 at /RubymineProjects/wap_cms/app/views/channel_videos/index.html.erb:48)
DEPRECATION WARNING: :confirm option is deprecated and will be removed from Rails 4.0. Use ':data => { :confirm => 'Text' }' instead. (called from block in _app_views_channel_videos_index_html_erb___2585864282722434123_70159626942680 at /RubymineProjects/wap_cms/app/views/channel_videos/index.html.erb:48)
DEPRECATION WARNING: :confirm option is deprecated and will be removed from Rails 4.0. Use ':data => { :confirm => 'Text' }' instead. (called from block in _app_views_channel_videos_index_html_erb___2585864282722434123_70159626942680 at /RubymineProjects/wap_cms/app/views/channel_videos/index.html.erb:48)
DEPRECATION WARNING: :confirm option is deprecated and will be removed from Rails 4.0. Use ':data => { :confirm => 'Text' }' instead. (called from block in _app_views_channel_videos_index_html_erb___2585864282722434123_70159626942680 at /RubymineProjects/wap_cms/app/views/channel_videos/index.html.erb:48)
  Rendered channel_videos/index.html.erb within layouts/admin (36.9ms)
Completed 200 OK in 48ms (Views: 44.4ms | ActiveRecord: 1.6ms)


Started GET "/?utf8=%E2%9C%93&forminfo%5Bcid%5D=102" for 10.10.67.32 at 2012-08-23 17:34:00 +0800
Processing by ChannelVideosController#index as HTML
  Parameters: {"utf8"=>"✓", "forminfo"=>{"cid"=>"102"}}
  [1m[36mChannel Load (0.6ms)[0m  [1mSELECT `channels`.* FROM `channels` [0m
  [1m[35mUser Load (0.3ms)[0m  SELECT `users`.* FROM `users` WHERE `users`.`id` = 1 LIMIT 1
  [1m[36mVideo Load (0.5ms)[0m  [1mSELECT `videos`.* FROM `videos` WHERE `videos`.`video_type` = 1 AND `videos`.`cid` = 102 ORDER BY id[0m
DEPRECATION WARNING: :confirm option is deprecated and will be removed from Rails 4.0. Use ':data => { :confirm => 'Text' }' instead. (called from block in _app_views_channel_videos_index_html_erb___2585864282722434123_70159626942680 at /RubymineProjects/wap_cms/app/views/channel_videos/index.html.erb:48)
DEPRECATION WARNING: :confirm option is deprecated and will be removed from Rails 4.0. Use ':data => { :confirm => 'Text' }' instead. (called from block in _app_views_channel_videos_index_html_erb___2585864282722434123_70159626942680 at /RubymineProjects/wap_cms/app/views/channel_videos/index.html.erb:48)
DEPRECATION WARNING: :confirm option is deprecated and will be removed from Rails 4.0. Use ':data => { :confirm => 'Text' }' instead. (called from block in _app_views_channel_videos_index_html_erb___2585864282722434123_70159626942680 at /RubymineProjects/wap_cms/app/views/channel_videos/index.html.erb:48)
DEPRECATION WARNING: :confirm option is deprecated and will be removed from Rails 4.0. Use ':data => { :confirm => 'Text' }' instead. (called from block in _app_views_channel_videos_index_html_erb___2585864282722434123_70159626942680 at /RubymineProjects/wap_cms/app/views/channel_videos/index.html.erb:48)
DEPRECATION WARNING: :confirm option is deprecated and will be removed from Rails 4.0. Use ':data => { :confirm => 'Text' }' instead. (called from block in _app_views_channel_videos_index_html_erb___2585864282722434123_70159626942680 at /RubymineProjects/wap_cms/app/views/channel_videos/index.html.erb:48)
DEPRECATION WARNING: :confirm option is deprecated and will be removed from Rails 4.0. Use ':data => { :confirm => 'Text' }' instead. (called from block in _app_views_channel_videos_index_html_erb___2585864282722434123_70159626942680 at /RubymineProjects/wap_cms/app/views/channel_videos/index.html.erb:48)
DEPRECATION WARNING: :confirm option is deprecated and will be removed from Rails 4.0. Use ':data => { :confirm => 'Text' }' instead. (called from block in _app_views_channel_videos_index_html_erb___2585864282722434123_70159626942680 at /RubymineProjects/wap_cms/app/views/channel_videos/index.html.erb:48)
DEPRECATION WARNING: :confirm option is deprecated and will be removed from Rails 4.0. Use ':data => { :confirm => 'Text' }' instead. (called from block in _app_views_channel_videos_index_html_erb___2585864282722434123_70159626942680 at /RubymineProjects/wap_cms/app/views/channel_videos/index.html.erb:48)
  Rendered channel_videos/index.html.erb within layouts/admin (14.0ms)
Completed 200 OK in 28ms (Views: 24.1ms | ActiveRecord: 1.4ms)


Started GET "/?utf8=%E2%9C%93&forminfo%5Bcid%5D=103" for 10.10.67.32 at 2012-08-23 17:34:04 +0800
Processing by ChannelVideosController#index as HTML
  Parameters: {"utf8"=>"✓", "forminfo"=>{"cid"=>"103"}}
  [1m[35mChannel Load (0.4ms)[0m  SELECT `channels`.* FROM `channels` 
  [1m[36mUser Load (0.3ms)[0m  [1mSELECT `users`.* FROM `users` WHERE `users`.`id` = 1 LIMIT 1[0m
  [1m[35mVideo Load (0.6ms)[0m  SELECT `videos`.* FROM `videos` WHERE `videos`.`video_type` = 1 AND `videos`.`cid` = 103 ORDER BY id
DEPRECATION WARNING: :confirm option is deprecated and will be removed from Rails 4.0. Use ':data => { :confirm => 'Text' }' instead. (called from block in _app_views_channel_videos_index_html_erb___2585864282722434123_70159626942680 at /RubymineProjects/wap_cms/app/views/channel_videos/index.html.erb:48)
DEPRECATION WARNING: :confirm option is deprecated and will be removed from Rails 4.0. Use ':data => { :confirm => 'Text' }' instead. (called from block in _app_views_channel_videos_index_html_erb___2585864282722434123_70159626942680 at /RubymineProjects/wap_cms/app/views/channel_videos/index.html.erb:48)
DEPRECATION WARNING: :confirm option is deprecated and will be removed from Rails 4.0. Use ':data => { :confirm => 'Text' }' instead. (called from block in _app_views_channel_videos_index_html_erb___2585864282722434123_70159626942680 at /RubymineProjects/wap_cms/app/views/channel_videos/index.html.erb:48)
DEPRECATION WARNING: :confirm option is deprecated and will be removed from Rails 4.0. Use ':data => { :confirm => 'Text' }' instead. (called from block in _app_views_channel_videos_index_html_erb___2585864282722434123_70159626942680 at /RubymineProjects/wap_cms/app/views/channel_videos/index.html.erb:48)
DEPRECATION WARNING: :confirm option is deprecated and will be removed from Rails 4.0. Use ':data => { :confirm => 'Text' }' instead. (called from block in _app_views_channel_videos_index_html_erb___2585864282722434123_70159626942680 at /RubymineProjects/wap_cms/app/views/channel_videos/index.html.erb:48)
  Rendered channel_videos/index.html.erb within layouts/admin (11.4ms)
Completed 200 OK in 47ms (Views: 42.8ms | ActiveRecord: 1.4ms)
Connecting to database specified by database.yml


Started GET "/" for 127.0.0.1 at 2012-08-24 10:20:37 +0800
Processing by ChannelVideosController#index as HTML
  [1m[36mChannel Load (0.7ms)[0m  [1mSELECT `channels`.* FROM `channels` [0m
Redirected to http://localhost:3000/users/sign_in
Completed 302 Found in 80ms (ActiveRecord: 6.1ms)


Started GET "/users/sign_in" for 127.0.0.1 at 2012-08-24 10:20:37 +0800
Processing by Devise::SessionsController#new as HTML
  Rendered devise/shared/_links.erb (1.6ms)
  Rendered devise/sessions/new.html.erb (50.9ms)
Completed 200 OK in 81ms (Views: 62.9ms | ActiveRecord: 4.7ms)


Started POST "/users/sign_in" for 127.0.0.1 at 2012-08-24 10:20:42 +0800
Processing by Devise::SessionsController#create as HTML
  Parameters: {"utf8"=>"✓", "authenticity_token"=>"5siZ57B7fhPQI50EQdGSzvGY/9LTUSVL8QfUMvpDZRM=", "user"=>{"email"=>"admin@youku.com", "password"=>"[FILTERED]", "remember_me"=>"0"}, "commit"=>"Sign in"}
  [1m[35mUser Load (1.4ms)[0m  SELECT `users`.* FROM `users` WHERE `users`.`email` = 'admin@youku.com' LIMIT 1
  [1m[36m (0.1ms)[0m  [1mBEGIN[0m
  [1m[35m (0.6ms)[0m  UPDATE `users` SET `last_sign_in_at` = '2012-08-23 09:33:43', `current_sign_in_at` = '2012-08-24 02:20:43', `last_sign_in_ip` = '10.10.67.32', `current_sign_in_ip` = '127.0.0.1', `sign_in_count` = 29, `updated_at` = '2012-08-24 02:20:43' WHERE `users`.`id` = 1
  [1m[36m (0.2ms)[0m  [1mCOMMIT[0m
Redirected to http://localhost:3000/
Completed 302 Found in 108ms (ActiveRecord: 0.0ms)


Started GET "/" for 127.0.0.1 at 2012-08-24 10:20:43 +0800
Processing by ChannelVideosController#index as HTML
  [1m[35mChannel Load (0.3ms)[0m  SELECT `channels`.* FROM `channels` 
  [1m[36mUser Load (0.3ms)[0m  [1mSELECT `users`.* FROM `users` WHERE `users`.`id` = 1 LIMIT 1[0m
  [1m[35mVideo Load (0.3ms)[0m  SELECT `videos`.* FROM `videos` WHERE `videos`.`video_type` = 1 AND `videos`.`cid` = 100 ORDER BY id
DEPRECATION WARNING: :confirm option is deprecated and will be removed from Rails 4.0. Use ':data => { :confirm => 'Text' }' instead. (called from block in _app_views_channel_videos_index_html_erb__4590971319560002982_70172965813840 at /RubymineProjects/wap_cms/app/views/channel_videos/index.html.erb:48)
  Rendered channel_videos/index.html.erb within layouts/admin (24.9ms)
Completed 200 OK in 86ms (Views: 80.6ms | ActiveRecord: 3.1ms)


Started GET "/today_videos" for 127.0.0.1 at 2012-08-24 10:20:49 +0800
Processing by TodayVideosController#index as HTML
  [1m[36mVideo Load (0.5ms)[0m  [1mSELECT `videos`.* FROM `videos` WHERE `videos`.`video_type` = 2 ORDER BY id[0m
DEPRECATION WARNING: :confirm option is deprecated and will be removed from Rails 4.0. Use ':data => { :confirm => 'Text' }' instead. (called from block in _app_views_today_videos_index_html_erb___1093840682495072581_70172963505700 at /RubymineProjects/wap_cms/app/views/today_videos/index.html.erb:44)
DEPRECATION WARNING: :confirm option is deprecated and will be removed from Rails 4.0. Use ':data => { :confirm => 'Text' }' instead. (called from block in _app_views_today_videos_index_html_erb___1093840682495072581_70172963505700 at /RubymineProjects/wap_cms/app/views/today_videos/index.html.erb:44)
DEPRECATION WARNING: :confirm option is deprecated and will be removed from Rails 4.0. Use ':data => { :confirm => 'Text' }' instead. (called from block in _app_views_today_videos_index_html_erb___1093840682495072581_70172963505700 at /RubymineProjects/wap_cms/app/views/today_videos/index.html.erb:44)
DEPRECATION WARNING: :confirm option is deprecated and will be removed from Rails 4.0. Use ':data => { :confirm => 'Text' }' instead. (called from block in _app_views_today_videos_index_html_erb___1093840682495072581_70172963505700 at /RubymineProjects/wap_cms/app/views/today_videos/index.html.erb:44)
  Rendered today_videos/index.html.erb within layouts/admin (7.4ms)
  [1m[35mUser Load (0.3ms)[0m  SELECT `users`.* FROM `users` WHERE `users`.`id` = 1 LIMIT 1
Completed 200 OK in 18ms (Views: 17.0ms | ActiveRecord: 0.8ms)


Started GET "/splendid_videos" for 127.0.0.1 at 2012-08-24 10:20:50 +0800
Processing by SplendidVideosController#index as HTML
  [1m[36mChannel Load (0.3ms)[0m  [1mSELECT `channels`.* FROM `channels` [0m
  [1m[35mVideo Load (0.4ms)[0m  SELECT `videos`.* FROM `videos` WHERE `videos`.`video_type` = 3 AND `videos`.`cid` = 100 ORDER BY id
  Rendered splendid_videos/index.html.erb within layouts/admin (3.0ms)
  [1m[36mUser Load (0.3ms)[0m  [1mSELECT `users`.* FROM `users` WHERE `users`.`id` = 1 LIMIT 1[0m
Completed 200 OK in 16ms (Views: 13.2ms | ActiveRecord: 1.0ms)


Started GET "/channel_videos" for 127.0.0.1 at 2012-08-24 10:20:53 +0800
Processing by ChannelVideosController#index as HTML
  [1m[35mChannel Load (0.3ms)[0m  SELECT `channels`.* FROM `channels` 
  [1m[36mUser Load (0.3ms)[0m  [1mSELECT `users`.* FROM `users` WHERE `users`.`id` = 1 LIMIT 1[0m
  [1m[35mVideo Load (0.4ms)[0m  SELECT `videos`.* FROM `videos` WHERE `videos`.`video_type` = 1 AND `videos`.`cid` = 100 ORDER BY id
DEPRECATION WARNING: :confirm option is deprecated and will be removed from Rails 4.0. Use ':data => { :confirm => 'Text' }' instead. (called from block in _app_views_channel_videos_index_html_erb__4590971319560002982_70172965813840 at /RubymineProjects/wap_cms/app/views/channel_videos/index.html.erb:48)
  Rendered channel_videos/index.html.erb within layouts/admin (4.3ms)
Completed 200 OK in 16ms (Views: 12.4ms | ActiveRecord: 1.1ms)


Started GET "/dialogs/window?id=15" for 127.0.0.1 at 2012-08-24 10:20:58 +0800
Processing by DialogsController#window as HTML
  Parameters: {"id"=>"15"}
  Rendered dialogs/window.html.erb (3.4ms)
Completed 200 OK in 8ms (Views: 7.9ms | ActiveRecord: 0.0ms)


Started POST "/dialogs/modify" for 127.0.0.1 at 2012-08-24 10:21:01 +0800
Processing by DialogsController#modify as HTML
  Parameters: {"utf8"=>"✓", "authenticity_token"=>"5siZ57B7fhPQI50EQdGSzvGY/9LTUSVL8QfUMvpDZRM=", "id"=>"15", "video_type"=>"3"}
  [1m[36mVideo Load (0.4ms)[0m  [1mSELECT `videos`.* FROM `videos` WHERE `videos`.`id` = 15 LIMIT 1[0m
  [1m[35m (0.1ms)[0m  BEGIN
  [1m[36m (0.3ms)[0m  [1mUPDATE `videos` SET `video_type` = 3, `updated_at` = '2012-08-24 02:21:01' WHERE `videos`.`id` = 15[0m
  [1m[35m (0.3ms)[0m  COMMIT
  Rendered text template (0.0ms)
Completed 200 OK in 8ms (Views: 2.7ms | ActiveRecord: 1.2ms)


Started GET "/channel_videos" for 127.0.0.1 at 2012-08-24 10:21:01 +0800
Processing by ChannelVideosController#index as HTML
  [1m[36mChannel Load (0.3ms)[0m  [1mSELECT `channels`.* FROM `channels` [0m
  [1m[35mUser Load (0.2ms)[0m  SELECT `users`.* FROM `users` WHERE `users`.`id` = 1 LIMIT 1
  [1m[36mVideo Load (0.3ms)[0m  [1mSELECT `videos`.* FROM `videos` WHERE `videos`.`video_type` = 1 AND `videos`.`cid` = 100 ORDER BY id[0m
  Rendered channel_videos/index.html.erb within layouts/admin (1.9ms)
Completed 200 OK in 43ms (Views: 40.5ms | ActiveRecord: 0.9ms)


Started GET "/?utf8=%E2%9C%93&forminfo%5Bcid%5D=101" for 127.0.0.1 at 2012-08-24 10:21:04 +0800
Processing by ChannelVideosController#index as HTML
  Parameters: {"utf8"=>"✓", "forminfo"=>{"cid"=>"101"}}
  [1m[35mChannel Load (0.3ms)[0m  SELECT `channels`.* FROM `channels` 
  [1m[36mUser Load (0.2ms)[0m  [1mSELECT `users`.* FROM `users` WHERE `users`.`id` = 1 LIMIT 1[0m
  [1m[35mVideo Load (0.4ms)[0m  SELECT `videos`.* FROM `videos` WHERE `videos`.`video_type` = 1 AND `videos`.`cid` = 101 ORDER BY id
DEPRECATION WARNING: :confirm option is deprecated and will be removed from Rails 4.0. Use ':data => { :confirm => 'Text' }' instead. (called from block in _app_views_channel_videos_index_html_erb__4590971319560002982_70172965813840 at /RubymineProjects/wap_cms/app/views/channel_videos/index.html.erb:48)
DEPRECATION WARNING: :confirm option is deprecated and will be removed from Rails 4.0. Use ':data => { :confirm => 'Text' }' instead. (called from block in _app_views_channel_videos_index_html_erb__4590971319560002982_70172965813840 at /RubymineProjects/wap_cms/app/views/channel_videos/index.html.erb:48)
DEPRECATION WARNING: :confirm option is deprecated and will be removed from Rails 4.0. Use ':data => { :confirm => 'Text' }' instead. (called from block in _app_views_channel_videos_index_html_erb__4590971319560002982_70172965813840 at /RubymineProjects/wap_cms/app/views/channel_videos/index.html.erb:48)
DEPRECATION WARNING: :confirm option is deprecated and will be removed from Rails 4.0. Use ':data => { :confirm => 'Text' }' instead. (called from block in _app_views_channel_videos_index_html_erb__4590971319560002982_70172965813840 at /RubymineProjects/wap_cms/app/views/channel_videos/index.html.erb:48)
DEPRECATION WARNING: :confirm option is deprecated and will be removed from Rails 4.0. Use ':data => { :confirm => 'Text' }' instead. (called from block in _app_views_channel_videos_index_html_erb__4590971319560002982_70172965813840 at /RubymineProjects/wap_cms/app/views/channel_videos/index.html.erb:48)
  Rendered channel_videos/index.html.erb within layouts/admin (10.0ms)
Completed 200 OK in 20ms (Views: 17.5ms | ActiveRecord: 0.9ms)


Started GET "/dialogs/window?id=2" for 127.0.0.1 at 2012-08-24 10:21:06 +0800
Processing by DialogsController#window as HTML
  Parameters: {"id"=>"2"}
  Rendered dialogs/window.html.erb (2.4ms)
Completed 200 OK in 6ms (Views: 5.5ms | ActiveRecord: 0.0ms)


Started GET "/?utf8=%E2%9C%93&forminfo%5Bcid%5D=101" for 127.0.0.1 at 2012-08-24 10:21:11 +0800
Processing by ChannelVideosController#index as HTML
  Parameters: {"utf8"=>"✓", "forminfo"=>{"cid"=>"101"}}
  [1m[36mChannel Load (0.3ms)[0m  [1mSELECT `channels`.* FROM `channels` [0m
  [1m[35mUser Load (0.3ms)[0m  SELECT `users`.* FROM `users` WHERE `users`.`id` = 1 LIMIT 1
  [1m[36mVideo Load (0.5ms)[0m  [1mSELECT `videos`.* FROM `videos` WHERE `videos`.`video_type` = 1 AND `videos`.`cid` = 101 ORDER BY id[0m
DEPRECATION WARNING: :confirm option is deprecated and will be removed from Rails 4.0. Use ':data => { :confirm => 'Text' }' instead. (called from block in _app_views_channel_videos_index_html_erb__4590971319560002982_70172965813840 at /RubymineProjects/wap_cms/app/views/channel_videos/index.html.erb:48)
DEPRECATION WARNING: :confirm option is deprecated and will be removed from Rails 4.0. Use ':data => { :confirm => 'Text' }' instead. (called from block in _app_views_channel_videos_index_html_erb__4590971319560002982_70172965813840 at /RubymineProjects/wap_cms/app/views/channel_videos/index.html.erb:48)
DEPRECATION WARNING: :confirm option is deprecated and will be removed from Rails 4.0. Use ':data => { :confirm => 'Text' }' instead. (called from block in _app_views_channel_videos_index_html_erb__4590971319560002982_70172965813840 at /RubymineProjects/wap_cms/app/views/channel_videos/index.html.erb:48)
DEPRECATION WARNING: :confirm option is deprecated and will be removed from Rails 4.0. Use ':data => { :confirm => 'Text' }' instead. (called from block in _app_views_channel_videos_index_html_erb__4590971319560002982_70172965813840 at /RubymineProjects/wap_cms/app/views/channel_videos/index.html.erb:48)
DEPRECATION WARNING: :confirm option is deprecated and will be removed from Rails 4.0. Use ':data => { :confirm => 'Text' }' instead. (called from block in _app_views_channel_videos_index_html_erb__4590971319560002982_70172965813840 at /RubymineProjects/wap_cms/app/views/channel_videos/index.html.erb:48)
  Rendered channel_videos/index.html.erb within layouts/admin (13.8ms)
Completed 200 OK in 54ms (Views: 51.4ms | ActiveRecord: 1.1ms)


Started GET "/dialogs/window?id=2" for 127.0.0.1 at 2012-08-24 10:24:10 +0800
Processing by DialogsController#window as HTML
  Parameters: {"id"=>"2"}
  Rendered dialogs/window.html.erb (1.8ms)
Completed 200 OK in 4ms (Views: 4.1ms | ActiveRecord: 0.0ms)


Started POST "/dialogs/modify" for 127.0.0.1 at 2012-08-24 10:24:12 +0800
Processing by DialogsController#modify as HTML
  Parameters: {"utf8"=>"✓", "authenticity_token"=>"5siZ57B7fhPQI50EQdGSzvGY/9LTUSVL8QfUMvpDZRM=", "id"=>"2", "video_type"=>"3"}
  [1m[35mVideo Load (0.4ms)[0m  SELECT `videos`.* FROM `videos` WHERE `videos`.`id` = 2 LIMIT 1
  [1m[36m (0.1ms)[0m  [1mBEGIN[0m
  [1m[35m (0.4ms)[0m  UPDATE `videos` SET `video_type` = 3, `updated_at` = '2012-08-24 02:24:12' WHERE `videos`.`id` = 2
  [1m[36m (2.6ms)[0m  [1mCOMMIT[0m
  Rendered text template (0.0ms)
Completed 200 OK in 7ms (Views: 0.3ms | ActiveRecord: 3.6ms)


Started GET "/?utf8=%E2%9C%93&forminfo%5Bcid%5D=101" for 127.0.0.1 at 2012-08-24 10:24:12 +0800
Processing by ChannelVideosController#index as HTML
  Parameters: {"utf8"=>"✓", "forminfo"=>{"cid"=>"101"}}
  [1m[35mChannel Load (0.3ms)[0m  SELECT `channels`.* FROM `channels` 
  [1m[36mUser Load (0.3ms)[0m  [1mSELECT `users`.* FROM `users` WHERE `users`.`id` = 1 LIMIT 1[0m
  [1m[35mVideo Load (0.5ms)[0m  SELECT `videos`.* FROM `videos` WHERE `videos`.`video_type` = 1 AND `videos`.`cid` = 101 ORDER BY id
DEPRECATION WARNING: :confirm option is deprecated and will be removed from Rails 4.0. Use ':data => { :confirm => 'Text' }' instead. (called from block in _app_views_channel_videos_index_html_erb__4590971319560002982_70172964850580 at /RubymineProjects/wap_cms/app/views/channel_videos/index.html.erb:48)
DEPRECATION WARNING: :confirm option is deprecated and will be removed from Rails 4.0. Use ':data => { :confirm => 'Text' }' instead. (called from block in _app_views_channel_videos_index_html_erb__4590971319560002982_70172964850580 at /RubymineProjects/wap_cms/app/views/channel_videos/index.html.erb:48)
DEPRECATION WARNING: :confirm option is deprecated and will be removed from Rails 4.0. Use ':data => { :confirm => 'Text' }' instead. (called from block in _app_views_channel_videos_index_html_erb__4590971319560002982_70172964850580 at /RubymineProjects/wap_cms/app/views/channel_videos/index.html.erb:48)
DEPRECATION WARNING: :confirm option is deprecated and will be removed from Rails 4.0. Use ':data => { :confirm => 'Text' }' instead. (called from block in _app_views_channel_videos_index_html_erb__4590971319560002982_70172964850580 at /RubymineProjects/wap_cms/app/views/channel_videos/index.html.erb:48)
  Rendered channel_videos/index.html.erb within layouts/admin (15.0ms)
Completed 200 OK in 28ms (Views: 24.4ms | ActiveRecord: 1.0ms)


Started GET "/?utf8=%E2%9C%93&forminfo%5Bcid%5D=102" for 127.0.0.1 at 2012-08-24 10:24:16 +0800
Processing by ChannelVideosController#index as HTML
  Parameters: {"utf8"=>"✓", "forminfo"=>{"cid"=>"102"}}
  [1m[36mChannel Load (0.3ms)[0m  [1mSELECT `channels`.* FROM `channels` [0m
  [1m[35mUser Load (0.3ms)[0m  SELECT `users`.* FROM `users` WHERE `users`.`id` = 1 LIMIT 1
  [1m[36mVideo Load (0.4ms)[0m  [1mSELECT `videos`.* FROM `videos` WHERE `videos`.`video_type` = 1 AND `videos`.`cid` = 102 ORDER BY id[0m
DEPRECATION WARNING: :confirm option is deprecated and will be removed from Rails 4.0. Use ':data => { :confirm => 'Text' }' instead. (called from block in _app_views_channel_videos_index_html_erb__4590971319560002982_70172964850580 at /RubymineProjects/wap_cms/app/views/channel_videos/index.html.erb:48)
DEPRECATION WARNING: :confirm option is deprecated and will be removed from Rails 4.0. Use ':data => { :confirm => 'Text' }' instead. (called from block in _app_views_channel_videos_index_html_erb__4590971319560002982_70172964850580 at /RubymineProjects/wap_cms/app/views/channel_videos/index.html.erb:48)
DEPRECATION WARNING: :confirm option is deprecated and will be removed from Rails 4.0. Use ':data => { :confirm => 'Text' }' instead. (called from block in _app_views_channel_videos_index_html_erb__4590971319560002982_70172964850580 at /RubymineProjects/wap_cms/app/views/channel_videos/index.html.erb:48)
DEPRECATION WARNING: :confirm option is deprecated and will be removed from Rails 4.0. Use ':data => { :confirm => 'Text' }' instead. (called from block in _app_views_channel_videos_index_html_erb__4590971319560002982_70172964850580 at /RubymineProjects/wap_cms/app/views/channel_videos/index.html.erb:48)
DEPRECATION WARNING: :confirm option is deprecated and will be removed from Rails 4.0. Use ':data => { :confirm => 'Text' }' instead. (called from block in _app_views_channel_videos_index_html_erb__4590971319560002982_70172964850580 at /RubymineProjects/wap_cms/app/views/channel_videos/index.html.erb:48)
DEPRECATION WARNING: :confirm option is deprecated and will be removed from Rails 4.0. Use ':data => { :confirm => 'Text' }' instead. (called from block in _app_views_channel_videos_index_html_erb__4590971319560002982_70172964850580 at /RubymineProjects/wap_cms/app/views/channel_videos/index.html.erb:48)
DEPRECATION WARNING: :confirm option is deprecated and will be removed from Rails 4.0. Use ':data => { :confirm => 'Text' }' instead. (called from block in _app_views_channel_videos_index_html_erb__4590971319560002982_70172964850580 at /RubymineProjects/wap_cms/app/views/channel_videos/index.html.erb:48)
DEPRECATION WARNING: :confirm option is deprecated and will be removed from Rails 4.0. Use ':data => { :confirm => 'Text' }' instead. (called from block in _app_views_channel_videos_index_html_erb__4590971319560002982_70172964850580 at /RubymineProjects/wap_cms/app/views/channel_videos/index.html.erb:48)
  Rendered channel_videos/index.html.erb within layouts/admin (42.7ms)
Completed 200 OK in 54ms (Views: 51.1ms | ActiveRecord: 0.9ms)


Started GET "/dialogs/window?id=23" for 127.0.0.1 at 2012-08-24 10:24:17 +0800
Processing by DialogsController#window as HTML
  Parameters: {"id"=>"23"}
  Rendered dialogs/window.html.erb (1.6ms)
Completed 200 OK in 4ms (Views: 3.9ms | ActiveRecord: 0.0ms)


Started POST "/dialogs/modify" for 127.0.0.1 at 2012-08-24 10:24:19 +0800
Processing by DialogsController#modify as HTML
  Parameters: {"utf8"=>"✓", "authenticity_token"=>"5siZ57B7fhPQI50EQdGSzvGY/9LTUSVL8QfUMvpDZRM=", "id"=>"23", "video_type"=>"3"}
  [1m[35mVideo Load (0.4ms)[0m  SELECT `videos`.* FROM `videos` WHERE `videos`.`id` = 23 LIMIT 1
  [1m[36m (0.1ms)[0m  [1mBEGIN[0m
  [1m[35m (0.4ms)[0m  UPDATE `videos` SET `video_type` = 3, `updated_at` = '2012-08-24 02:24:19' WHERE `videos`.`id` = 23
  [1m[36m (0.6ms)[0m  [1mCOMMIT[0m
  Rendered text template (0.0ms)
Completed 200 OK in 6ms (Views: 0.4ms | ActiveRecord: 1.6ms)


Started GET "/?utf8=%E2%9C%93&forminfo%5Bcid%5D=102" for 127.0.0.1 at 2012-08-24 10:24:19 +0800
Processing by ChannelVideosController#index as HTML
  Parameters: {"utf8"=>"✓", "forminfo"=>{"cid"=>"102"}}
  [1m[35mChannel Load (0.3ms)[0m  SELECT `channels`.* FROM `channels` 
  [1m[36mUser Load (0.3ms)[0m  [1mSELECT `users`.* FROM `users` WHERE `users`.`id` = 1 LIMIT 1[0m
  [1m[35mVideo Load (0.4ms)[0m  SELECT `videos`.* FROM `videos` WHERE `videos`.`video_type` = 1 AND `videos`.`cid` = 102 ORDER BY id
DEPRECATION WARNING: :confirm option is deprecated and will be removed from Rails 4.0. Use ':data => { :confirm => 'Text' }' instead. (called from block in _app_views_channel_videos_index_html_erb__4590971319560002982_70172964850580 at /RubymineProjects/wap_cms/app/views/channel_videos/index.html.erb:48)
DEPRECATION WARNING: :confirm option is deprecated and will be removed from Rails 4.0. Use ':data => { :confirm => 'Text' }' instead. (called from block in _app_views_channel_videos_index_html_erb__4590971319560002982_70172964850580 at /RubymineProjects/wap_cms/app/views/channel_videos/index.html.erb:48)
DEPRECATION WARNING: :confirm option is deprecated and will be removed from Rails 4.0. Use ':data => { :confirm => 'Text' }' instead. (called from block in _app_views_channel_videos_index_html_erb__4590971319560002982_70172964850580 at /RubymineProjects/wap_cms/app/views/channel_videos/index.html.erb:48)
DEPRECATION WARNING: :confirm option is deprecated and will be removed from Rails 4.0. Use ':data => { :confirm => 'Text' }' instead. (called from block in _app_views_channel_videos_index_html_erb__4590971319560002982_70172964850580 at /RubymineProjects/wap_cms/app/views/channel_videos/index.html.erb:48)
DEPRECATION WARNING: :confirm option is deprecated and will be removed from Rails 4.0. Use ':data => { :confirm => 'Text' }' instead. (called from block in _app_views_channel_videos_index_html_erb__4590971319560002982_70172964850580 at /RubymineProjects/wap_cms/app/views/channel_videos/index.html.erb:48)
DEPRECATION WARNING: :confirm option is deprecated and will be removed from Rails 4.0. Use ':data => { :confirm => 'Text' }' instead. (called from block in _app_views_channel_videos_index_html_erb__4590971319560002982_70172964850580 at /RubymineProjects/wap_cms/app/views/channel_videos/index.html.erb:48)
DEPRECATION WARNING: :confirm option is deprecated and will be removed from Rails 4.0. Use ':data => { :confirm => 'Text' }' instead. (called from block in _app_views_channel_videos_index_html_erb__4590971319560002982_70172964850580 at /RubymineProjects/wap_cms/app/views/channel_videos/index.html.erb:48)
  Rendered channel_videos/index.html.erb within layouts/admin (12.0ms)
Completed 200 OK in 26ms (Views: 22.7ms | ActiveRecord: 1.1ms)


Started GET "/dialogs/window?id=24" for 127.0.0.1 at 2012-08-24 10:24:20 +0800
Processing by DialogsController#window as HTML
  Parameters: {"id"=>"24"}
  Rendered dialogs/window.html.erb (38.2ms)
Completed 200 OK in 41ms (Views: 40.5ms | ActiveRecord: 0.0ms)


Started POST "/dialogs/modify" for 127.0.0.1 at 2012-08-24 10:24:22 +0800
Processing by DialogsController#modify as HTML
  Parameters: {"utf8"=>"✓", "authenticity_token"=>"5siZ57B7fhPQI50EQdGSzvGY/9LTUSVL8QfUMvpDZRM=", "id"=>"24", "video_type"=>"3"}
  [1m[36mVideo Load (0.4ms)[0m  [1mSELECT `videos`.* FROM `videos` WHERE `videos`.`id` = 24 LIMIT 1[0m
  [1m[35m (0.1ms)[0m  BEGIN
  [1m[36m (0.4ms)[0m  [1mUPDATE `videos` SET `video_type` = 3, `updated_at` = '2012-08-24 02:24:22' WHERE `videos`.`id` = 24[0m
  [1m[35m (0.4ms)[0m  COMMIT
  Rendered text template (0.0ms)
Completed 200 OK in 5ms (Views: 0.4ms | ActiveRecord: 1.3ms)


Started GET "/?utf8=%E2%9C%93&forminfo%5Bcid%5D=102" for 127.0.0.1 at 2012-08-24 10:24:22 +0800
Processing by ChannelVideosController#index as HTML
  Parameters: {"utf8"=>"✓", "forminfo"=>{"cid"=>"102"}}
  [1m[36mChannel Load (0.3ms)[0m  [1mSELECT `channels`.* FROM `channels` [0m
  [1m[35mUser Load (0.3ms)[0m  SELECT `users`.* FROM `users` WHERE `users`.`id` = 1 LIMIT 1
  [1m[36mVideo Load (0.5ms)[0m  [1mSELECT `videos`.* FROM `videos` WHERE `videos`.`video_type` = 1 AND `videos`.`cid` = 102 ORDER BY id[0m
DEPRECATION WARNING: :confirm option is deprecated and will be removed from Rails 4.0. Use ':data => { :confirm => 'Text' }' instead. (called from block in _app_views_channel_videos_index_html_erb__4590971319560002982_70172964850580 at /RubymineProjects/wap_cms/app/views/channel_videos/index.html.erb:48)
DEPRECATION WARNING: :confirm option is deprecated and will be removed from Rails 4.0. Use ':data => { :confirm => 'Text' }' instead. (called from block in _app_views_channel_videos_index_html_erb__4590971319560002982_70172964850580 at /RubymineProjects/wap_cms/app/views/channel_videos/index.html.erb:48)
DEPRECATION WARNING: :confirm option is deprecated and will be removed from Rails 4.0. Use ':data => { :confirm => 'Text' }' instead. (called from block in _app_views_channel_videos_index_html_erb__4590971319560002982_70172964850580 at /RubymineProjects/wap_cms/app/views/channel_videos/index.html.erb:48)
DEPRECATION WARNING: :confirm option is deprecated and will be removed from Rails 4.0. Use ':data => { :confirm => 'Text' }' instead. (called from block in _app_views_channel_videos_index_html_erb__4590971319560002982_70172964850580 at /RubymineProjects/wap_cms/app/views/channel_videos/index.html.erb:48)
DEPRECATION WARNING: :confirm option is deprecated and will be removed from Rails 4.0. Use ':data => { :confirm => 'Text' }' instead. (called from block in _app_views_channel_videos_index_html_erb__4590971319560002982_70172964850580 at /RubymineProjects/wap_cms/app/views/channel_videos/index.html.erb:48)
DEPRECATION WARNING: :confirm option is deprecated and will be removed from Rails 4.0. Use ':data => { :confirm => 'Text' }' instead. (called from block in _app_views_channel_videos_index_html_erb__4590971319560002982_70172964850580 at /RubymineProjects/wap_cms/app/views/channel_videos/index.html.erb:48)
  Rendered channel_videos/index.html.erb within layouts/admin (18.1ms)
Completed 200 OK in 35ms (Views: 31.6ms | ActiveRecord: 1.1ms)


Started GET "/?utf8=%E2%9C%93&forminfo%5Bcid%5D=103" for 127.0.0.1 at 2012-08-24 10:24:24 +0800
Processing by ChannelVideosController#index as HTML
  Parameters: {"utf8"=>"✓", "forminfo"=>{"cid"=>"103"}}
  [1m[35mChannel Load (0.3ms)[0m  SELECT `channels`.* FROM `channels` 
  [1m[36mUser Load (0.3ms)[0m  [1mSELECT `users`.* FROM `users` WHERE `users`.`id` = 1 LIMIT 1[0m
  [1m[35mVideo Load (0.4ms)[0m  SELECT `videos`.* FROM `videos` WHERE `videos`.`video_type` = 1 AND `videos`.`cid` = 103 ORDER BY id
DEPRECATION WARNING: :confirm option is deprecated and will be removed from Rails 4.0. Use ':data => { :confirm => 'Text' }' instead. (called from block in _app_views_channel_videos_index_html_erb__4590971319560002982_70172964850580 at /RubymineProjects/wap_cms/app/views/channel_videos/index.html.erb:48)
DEPRECATION WARNING: :confirm option is deprecated and will be removed from Rails 4.0. Use ':data => { :confirm => 'Text' }' instead. (called from block in _app_views_channel_videos_index_html_erb__4590971319560002982_70172964850580 at /RubymineProjects/wap_cms/app/views/channel_videos/index.html.erb:48)
DEPRECATION WARNING: :confirm option is deprecated and will be removed from Rails 4.0. Use ':data => { :confirm => 'Text' }' instead. (called from block in _app_views_channel_videos_index_html_erb__4590971319560002982_70172964850580 at /RubymineProjects/wap_cms/app/views/channel_videos/index.html.erb:48)
DEPRECATION WARNING: :confirm option is deprecated and will be removed from Rails 4.0. Use ':data => { :confirm => 'Text' }' instead. (called from block in _app_views_channel_videos_index_html_erb__4590971319560002982_70172964850580 at /RubymineProjects/wap_cms/app/views/channel_videos/index.html.erb:48)
DEPRECATION WARNING: :confirm option is deprecated and will be removed from Rails 4.0. Use ':data => { :confirm => 'Text' }' instead. (called from block in _app_views_channel_videos_index_html_erb__4590971319560002982_70172964850580 at /RubymineProjects/wap_cms/app/views/channel_videos/index.html.erb:48)
  Rendered channel_videos/index.html.erb within layouts/admin (9.4ms)
Completed 200 OK in 20ms (Views: 16.8ms | ActiveRecord: 1.0ms)


Started GET "/dialogs/window?id=30" for 127.0.0.1 at 2012-08-24 10:24:26 +0800
Processing by DialogsController#window as HTML
  Parameters: {"id"=>"30"}
  Rendered dialogs/window.html.erb (1.8ms)
Completed 200 OK in 4ms (Views: 4.2ms | ActiveRecord: 0.0ms)


Started POST "/dialogs/modify" for 127.0.0.1 at 2012-08-24 10:24:27 +0800
Processing by DialogsController#modify as HTML
  Parameters: {"utf8"=>"✓", "authenticity_token"=>"5siZ57B7fhPQI50EQdGSzvGY/9LTUSVL8QfUMvpDZRM=", "id"=>"30", "video_type"=>"3"}
  [1m[36mVideo Load (0.4ms)[0m  [1mSELECT `videos`.* FROM `videos` WHERE `videos`.`id` = 30 LIMIT 1[0m
  [1m[35m (0.1ms)[0m  BEGIN
  [1m[36m (0.5ms)[0m  [1mUPDATE `videos` SET `video_type` = 3, `updated_at` = '2012-08-24 02:24:27' WHERE `videos`.`id` = 30[0m
  [1m[35m (1.9ms)[0m  COMMIT
  Rendered text template (0.0ms)
Completed 200 OK in 6ms (Views: 0.3ms | ActiveRecord: 2.9ms)


Started GET "/?utf8=%E2%9C%93&forminfo%5Bcid%5D=103" for 127.0.0.1 at 2012-08-24 10:24:27 +0800
Processing by ChannelVideosController#index as HTML
  Parameters: {"utf8"=>"✓", "forminfo"=>{"cid"=>"103"}}
  [1m[36mChannel Load (0.3ms)[0m  [1mSELECT `channels`.* FROM `channels` [0m
  [1m[35mUser Load (0.3ms)[0m  SELECT `users`.* FROM `users` WHERE `users`.`id` = 1 LIMIT 1
  [1m[36mVideo Load (0.4ms)[0m  [1mSELECT `videos`.* FROM `videos` WHERE `videos`.`video_type` = 1 AND `videos`.`cid` = 103 ORDER BY id[0m
DEPRECATION WARNING: :confirm option is deprecated and will be removed from Rails 4.0. Use ':data => { :confirm => 'Text' }' instead. (called from block in _app_views_channel_videos_index_html_erb__4590971319560002982_70172964850580 at /RubymineProjects/wap_cms/app/views/channel_videos/index.html.erb:48)
DEPRECATION WARNING: :confirm option is deprecated and will be removed from Rails 4.0. Use ':data => { :confirm => 'Text' }' instead. (called from block in _app_views_channel_videos_index_html_erb__4590971319560002982_70172964850580 at /RubymineProjects/wap_cms/app/views/channel_videos/index.html.erb:48)
DEPRECATION WARNING: :confirm option is deprecated and will be removed from Rails 4.0. Use ':data => { :confirm => 'Text' }' instead. (called from block in _app_views_channel_videos_index_html_erb__4590971319560002982_70172964850580 at /RubymineProjects/wap_cms/app/views/channel_videos/index.html.erb:48)
DEPRECATION WARNING: :confirm option is deprecated and will be removed from Rails 4.0. Use ':data => { :confirm => 'Text' }' instead. (called from block in _app_views_channel_videos_index_html_erb__4590971319560002982_70172964850580 at /RubymineProjects/wap_cms/app/views/channel_videos/index.html.erb:48)
  Rendered channel_videos/index.html.erb within layouts/admin (10.7ms)
Completed 200 OK in 24ms (Views: 20.5ms | ActiveRecord: 1.0ms)


Started GET "/dialogs/window?id=32" for 127.0.0.1 at 2012-08-24 10:24:28 +0800
Processing by DialogsController#window as HTML
  Parameters: {"id"=>"32"}
  Rendered dialogs/window.html.erb (1.5ms)
Completed 200 OK in 4ms (Views: 4.0ms | ActiveRecord: 0.0ms)


Started POST "/dialogs/modify" for 127.0.0.1 at 2012-08-24 10:24:30 +0800
Processing by DialogsController#modify as HTML
  Parameters: {"utf8"=>"✓", "authenticity_token"=>"5siZ57B7fhPQI50EQdGSzvGY/9LTUSVL8QfUMvpDZRM=", "id"=>"32", "video_type"=>"3"}
  [1m[35mVideo Load (0.4ms)[0m  SELECT `videos`.* FROM `videos` WHERE `videos`.`id` = 32 LIMIT 1
  [1m[36m (0.1ms)[0m  [1mBEGIN[0m
  [1m[35m (0.3ms)[0m  UPDATE `videos` SET `video_type` = 3, `updated_at` = '2012-08-24 02:24:30' WHERE `videos`.`id` = 32
  [1m[36m (1.6ms)[0m  [1mCOMMIT[0m
  Rendered text template (0.0ms)
Completed 200 OK in 6ms (Views: 0.4ms | ActiveRecord: 2.5ms)


Started GET "/?utf8=%E2%9C%93&forminfo%5Bcid%5D=103" for 127.0.0.1 at 2012-08-24 10:24:30 +0800
Processing by ChannelVideosController#index as HTML
  Parameters: {"utf8"=>"✓", "forminfo"=>{"cid"=>"103"}}
  [1m[35mChannel Load (0.3ms)[0m  SELECT `channels`.* FROM `channels` 
  [1m[36mUser Load (0.4ms)[0m  [1mSELECT `users`.* FROM `users` WHERE `users`.`id` = 1 LIMIT 1[0m
  [1m[35mVideo Load (0.4ms)[0m  SELECT `videos`.* FROM `videos` WHERE `videos`.`video_type` = 1 AND `videos`.`cid` = 103 ORDER BY id
DEPRECATION WARNING: :confirm option is deprecated and will be removed from Rails 4.0. Use ':data => { :confirm => 'Text' }' instead. (called from block in _app_views_channel_videos_index_html_erb__4590971319560002982_70172964850580 at /RubymineProjects/wap_cms/app/views/channel_videos/index.html.erb:48)
DEPRECATION WARNING: :confirm option is deprecated and will be removed from Rails 4.0. Use ':data => { :confirm => 'Text' }' instead. (called from block in _app_views_channel_videos_index_html_erb__4590971319560002982_70172964850580 at /RubymineProjects/wap_cms/app/views/channel_videos/index.html.erb:48)
DEPRECATION WARNING: :confirm option is deprecated and will be removed from Rails 4.0. Use ':data => { :confirm => 'Text' }' instead. (called from block in _app_views_channel_videos_index_html_erb__4590971319560002982_70172964850580 at /RubymineProjects/wap_cms/app/views/channel_videos/index.html.erb:48)
  Rendered channel_videos/index.html.erb within layouts/admin (6.2ms)
Completed 200 OK in 17ms (Views: 13.7ms | ActiveRecord: 1.1ms)


Started GET "/channel_videos/33/edit?forminfo=103" for 127.0.0.1 at 2012-08-24 10:34:15 +0800
Processing by ChannelVideosController#edit as HTML
  Parameters: {"forminfo"=>"103", "id"=>"33"}
  [1m[36mVideo Load (0.3ms)[0m  [1mSELECT `videos`.* FROM `videos` WHERE `videos`.`id` = 33 LIMIT 1[0m
  Rendered channel_videos/_form.html.erb (2.9ms)
  Rendered channel_videos/edit.html.erb within layouts/admin (6.7ms)
  [1m[35mUser Load (0.3ms)[0m  SELECT `users`.* FROM `users` WHERE `users`.`id` = 1 LIMIT 1
Completed 200 OK in 21ms (Views: 18.6ms | ActiveRecord: 0.7ms)
Connecting to database specified by database.yml


Started GET "/" for 127.0.0.1 at 2012-08-24 10:45:32 +0800
Processing by ChannelVideosController#index as HTML
  [1m[36mChannel Load (0.2ms)[0m  [1mSELECT `channels`.* FROM `channels` [0m
  [1m[35mUser Load (0.3ms)[0m  SELECT `users`.* FROM `users` WHERE `users`.`id` = 1 LIMIT 1
  [1m[36mVideo Load (0.3ms)[0m  [1mSELECT `videos`.* FROM `videos` WHERE `videos`.`video_type` = 1 AND `videos`.`cid` = 100 ORDER BY id[0m
  Rendered channel_videos/index.html.erb within layouts/admin (11.5ms)
Completed 200 OK in 152ms (Views: 71.2ms | ActiveRecord: 9.0ms)


Started GET "/channels" for 127.0.0.1 at 2012-08-24 10:45:35 +0800
Processing by ChannelsController#index as HTML
  [1m[35mChannel Load (0.3ms)[0m  SELECT `channels`.* FROM `channels` 
DEPRECATION WARNING: :confirm option is deprecated and will be removed from Rails 4.0. Use ':data => { :confirm => 'Text' }' instead. (called from block in _app_views_channels_index_html_erb___2914606665614334310_70269004136760 at /RubymineProjects/wap_cms/app/views/channels/index.html.erb:24)
DEPRECATION WARNING: :confirm option is deprecated and will be removed from Rails 4.0. Use ':data => { :confirm => 'Text' }' instead. (called from block in _app_views_channels_index_html_erb___2914606665614334310_70269004136760 at /RubymineProjects/wap_cms/app/views/channels/index.html.erb:24)
DEPRECATION WARNING: :confirm option is deprecated and will be removed from Rails 4.0. Use ':data => { :confirm => 'Text' }' instead. (called from block in _app_views_channels_index_html_erb___2914606665614334310_70269004136760 at /RubymineProjects/wap_cms/app/views/channels/index.html.erb:24)
DEPRECATION WARNING: :confirm option is deprecated and will be removed from Rails 4.0. Use ':data => { :confirm => 'Text' }' instead. (called from block in _app_views_channels_index_html_erb___2914606665614334310_70269004136760 at /RubymineProjects/wap_cms/app/views/channels/index.html.erb:24)
  Rendered channels/index.html.erb within layouts/admin (4.2ms)
  [1m[36mUser Load (0.3ms)[0m  [1mSELECT `users`.* FROM `users` WHERE `users`.`id` = 1 LIMIT 1[0m
Completed 200 OK in 16ms (Views: 14.3ms | ActiveRecord: 0.6ms)
