Connecting to database specified by database.yml
Connecting to database specified by database.yml


Started GET "/" for 127.0.0.1 at 2012-08-28 15:35:04 +0800
Processing by ChannelVideosController#index as HTML
Redirected to http://localhost:5001/users/sign_in
Completed 302 Found in 64ms (ActiveRecord: 4.2ms)


Started GET "/users/sign_in" for 127.0.0.1 at 2012-08-28 15:35:04 +0800
Processing by Devise::SessionsController#new as HTML
  Rendered devise/sessions/new.html.erb (45.3ms)
Completed 500 Internal Server Error in 85ms

ActionView::Template::Error (jquery_ujs.js isn't precompiled):
    20: 
    21:   <script type="text/javascript" src="https://ajax.googleapis.com/ajax/libs/jquery/1.5.1/jquery.min.js"></script>
    22:   <script type="text/javascript" src="https://ajax.googleapis.com/ajax/libs/jqueryui/1.8.11/jquery-ui.min.js"></script>
    23:   <%= javascript_include_tag 'jquery_ujs' %>
    24: 
    25:   <%= javascript_include_tag "/admin/javascripts/jquery.livequery.js",
    26:                              "/admin/javascripts/application.js" %>
  app/views/devise/sessions/new.html.erb:23:in `_app_views_devise_sessions_new_html_erb__1876338104593718266_70139489272380'




Started GET "/favicon.ico" for 127.0.0.1 at 2012-08-28 15:35:04 +0800

ActionController::RoutingError (No route matches [GET] "/favicon.ico"):
  actionpack (3.2.7) lib/action_dispatch/middleware/debug_exceptions.rb:21:in `call'
  actionpack (3.2.7) lib/action_dispatch/middleware/show_exceptions.rb:56:in `call'
  railties (3.2.7) lib/rails/rack/logger.rb:26:in `call_app'
  railties (3.2.7) lib/rails/rack/logger.rb:16:in `call'
  /Users/jiangxiaopeng/.rvm/gems/ruby-1.9.3-p194/bundler/gems/quiet_assets-c42e29264a61/lib/quiet_assets.rb:12:in `call_with_quiet_assets'
  actionpack (3.2.7) lib/action_dispatch/middleware/request_id.rb:22:in `call'
  rack (1.4.1) lib/rack/methodoverride.rb:21:in `call'
  rack (1.4.1) lib/rack/runtime.rb:17:in `call'
  activesupport (3.2.7) lib/active_support/cache/strategy/local_cache.rb:72:in `call'
  rack (1.4.1) lib/rack/lock.rb:15:in `call'
  rack-cache (1.2) lib/rack/cache/context.rb:136:in `forward'
  rack-cache (1.2) lib/rack/cache/context.rb:245:in `fetch'
  rack-cache (1.2) lib/rack/cache/context.rb:185:in `lookup'
  rack-cache (1.2) lib/rack/cache/context.rb:66:in `call!'
  rack-cache (1.2) lib/rack/cache/context.rb:51:in `call'
  railties (3.2.7) lib/rails/engine.rb:479:in `call'
  railties (3.2.7) lib/rails/application.rb:220:in `call'
  railties (3.2.7) lib/rails/railtie/configurable.rb:30:in `method_missing'
  thin (1.4.1) lib/thin/connection.rb:80:in `block in pre_process'
  thin (1.4.1) lib/thin/connection.rb:78:in `catch'
  thin (1.4.1) lib/thin/connection.rb:78:in `pre_process'
  thin (1.4.1) lib/thin/connection.rb:53:in `process'
  thin (1.4.1) lib/thin/connection.rb:38:in `receive_data'
  eventmachine (0.12.10) lib/eventmachine.rb:256:in `run_machine'
  eventmachine (0.12.10) lib/eventmachine.rb:256:in `run'
  thin (1.4.1) lib/thin/backends/base.rb:63:in `start'
  thin (1.4.1) lib/thin/server.rb:159:in `start'
  thin (1.4.1) lib/thin/controllers/controller.rb:86:in `start'
  thin (1.4.1) lib/thin/runner.rb:185:in `run_command'
  thin (1.4.1) lib/thin/runner.rb:151:in `run!'
  thin (1.4.1) bin/thin:6:in `<top (required)>'
  /Users/jiangxiaopeng/.rvm/gems/ruby-1.9.3-p194/bin/thin:19:in `load'
  /Users/jiangxiaopeng/.rvm/gems/ruby-1.9.3-p194/bin/thin:19:in `<main>'
  /Users/jiangxiaopeng/.rvm/gems/ruby-1.9.3-p194/bin/ruby_noexec_wrapper:14:in `eval'
  /Users/jiangxiaopeng/.rvm/gems/ruby-1.9.3-p194/bin/ruby_noexec_wrapper:14:in `<main>'


Connecting to database specified by database.yml
Connecting to database specified by database.yml
Connecting to database specified by database.yml


Started GET "/" for 127.0.0.1 at 2012-08-29 16:10:01 +0800
Processing by ChannelVideosController#index as HTML
Redirected to http://localhost:3000/users/sign_in
Completed 302 Found in 67ms (ActiveRecord: 3.6ms)


Started GET "/users/sign_in" for 127.0.0.1 at 2012-08-29 16:10:01 +0800
Processing by Devise::SessionsController#new as HTML
  Rendered devise/sessions/new.html.erb (44.7ms)
Completed 500 Internal Server Error in 84ms

ActionView::Template::Error (jquery_ujs.js isn't precompiled):
    20: 
    21:   <script type="text/javascript" src="https://ajax.googleapis.com/ajax/libs/jquery/1.5.1/jquery.min.js"></script>
    22:   <script type="text/javascript" src="https://ajax.googleapis.com/ajax/libs/jqueryui/1.8.11/jquery-ui.min.js"></script>
    23:   <%= javascript_include_tag 'jquery_ujs' %>
    24: 
    25:   <%= javascript_include_tag "/admin/javascripts/jquery.livequery.js",
    26:                              "/admin/javascripts/application.js" %>
  app/views/devise/sessions/new.html.erb:23:in `_app_views_devise_sessions_new_html_erb__611969102531115204_70341538324760'


